<?xml version="1.0" encoding="UTF-8"?>
<testng-results ignored="0" total="1" passed="1" failed="0" skipped="0">
  <reporter-output>
  </reporter-output>
  <suite started-at="2025-06-30T06:03:37 IST" name="Default suite" finished-at="2025-06-30T06:04:10 IST" duration-ms="33392">
    <groups>
    </groups>
    <test started-at="2025-06-30T06:03:37 IST" name="Default test" finished-at="2025-06-30T06:04:10 IST" duration-ms="33392">
      <class name="testpckg.OrangeHRMTest">
        <test-method is-config="true" signature="setUp()[pri:0, instance:testpckg.OrangeHRMTest@7ec7ffd3]" started-at="2025-06-30T06:03:37 IST" name="setUp" finished-at="2025-06-30T06:03:45 IST" duration-ms="8317" status="PASS">
          <reporter-output>
          </reporter-output>
        </test-method> <!-- setUp -->
        <test-method signature="verifyLogin()[pri:0, instance:testpckg.OrangeHRMTest@7ec7ffd3]" started-at="2025-06-30T06:03:45 IST" name="verifyLogin" finished-at="2025-06-30T06:04:10 IST" duration-ms="24989" status="PASS">
          <reporter-output>
          </reporter-output>
        </test-method> <!-- verifyLogin -->
      </class> <!-- testpckg.OrangeHRMTest -->
    </test> <!-- Default test -->
  </suite> <!-- Default suite -->
</testng-results>
